<?xml version="1.0" encoding="UTF-8"?>
<!-- Generated by org.testng.reporters.JUnitXMLReporter -->
<testsuite ignored="0" hostname="ARS-NBT-LAP-517" failures="0" tests="5" name="Test" time="15.842" errors="0" timestamp="08 Jun 2022 14:55:36 GMT">
  <testcase classname="com.ts.testcases.TC_DataProvider" name="login" time="0.383"/>
  <testcase classname="com.ts.testcases.TC_DataProvider" name="FetchUrlFromExcel" time="3.028"/>
  <testcase classname="com.ts.testcases.TC_DataProvider" name="FetchUrlFromExcel" time="3.025"/>
  <testcase classname="com.ts.testcases.TC_DataProvider" name="FetchUrlFromExcel" time="3.014"/>
  <testcase classname="com.ts.testcases.TC_DataProvider" name="FetchUrlFromExcel" time="3.0"/>
</testsuite> <!-- Test -->
